\BOOKMARK [0][-]{chapter.1}{\376\377\137\025\212\000}{}% 1
\BOOKMARK [1][-]{section.1.1}{\376\377\152\041\147\177\162\171\160\271}{chapter.1}% 2
\BOOKMARK [1][-]{section.1.2}{\376\377\166\370\121\163\142\200\147\057\176\374\217\360}{chapter.1}% 3
\BOOKMARK [0][-]{chapter.2}{\376\377\150\074\137\017\134\125\171\072}{}% 4
\BOOKMARK [1][-]{section.2.1}{\376\377\145\160\133\146\121\154\137\017}{chapter.2}% 5
\BOOKMARK [1][-]{section.2.2}{\376\377\126\376\210\150\171\072\117\213}{chapter.2}% 6
\BOOKMARK [0][-]{chapter.3}{\376\377\174\373\176\337\227\000\154\102\122\006\147\220}{}% 7
\BOOKMARK [1][-]{section.3.1}{\376\377\122\237\200\375\227\000\154\102\122\006\147\220}{chapter.3}% 8
\BOOKMARK [1][-]{section.3.2}{\376\377\227\136\122\237\200\375\227\000\154\102\122\006\147\220}{chapter.3}% 9
\BOOKMARK [0][-]{chapter.4}{\376\377\174\373\176\337\213\276\213\241\116\016\133\236\163\260}{}% 10
\BOOKMARK [1][-]{section.4.1}{\376\377\174\373\176\337\147\266\147\204\213\276\213\241}{chapter.4}% 11
\BOOKMARK [1][-]{section.4.2}{\376\377\150\070\137\303\173\227\154\325\133\236\163\260}{chapter.4}% 12
\BOOKMARK [0][-]{chapter.5}{\376\377\133\236\232\214\176\323\147\234\116\016\122\006\147\220}{}% 13
\BOOKMARK [1][-]{section.5.1}{\376\377\133\236\232\214\163\257\130\203\116\016\213\276\177\156}{chapter.5}% 14
\BOOKMARK [1][-]{section.5.2}{\376\377\133\236\232\214\176\323\147\234}{chapter.5}% 15
\BOOKMARK [0][-]{chapter.6}{\376\377\140\073\176\323\116\016\134\125\147\033}{}% 16
\BOOKMARK [1][-]{section.6.1}{\376\377\170\024\172\166\135\345\117\134\140\073\176\323}{chapter.6}% 17
\BOOKMARK [1][-]{section.6.2}{\376\377\147\052\147\145\135\345\117\134\134\125\147\033}{chapter.6}% 18
\BOOKMARK [1][-]{section.6.3}{\376\377\152\041\147\177\213\364\146\016}{chapter.6}% 19
\BOOKMARK [0][-]{chapter*.43}{\376\377\201\364\214\042}{}% 20
\BOOKMARK [0][-]{appendix.A}{\376\377\152\041\147\177\117\177\165\050\213\364\146\016}{}% 21
\BOOKMARK [1][-]{section.A.1}{\376\377\177\026\213\321\145\271\137\017}{appendix.A}% 22
\BOOKMARK [1][-]{section.A.2}{\376\377\213\241\173\227\147\072\174\173\147\054\171\321\153\325\116\032\213\272\145\207\121\231\117\134\211\304\203\003}{appendix.A}% 23
\BOOKMARK [0][-]{appendix.B}{\376\377\116\343\170\001\143\322\121\145\171\072\117\213}{}% 24
\BOOKMARK [1][-]{section.B.1}{\376\377\000P\000y\000t\000h\000o\000n\116\343\170\001\171\072\117\213}{appendix.B}% 25
\BOOKMARK [1][-]{section.B.2}{\376\377\000J\000a\000v\000a\116\343\170\001\171\072\117\213}{appendix.B}% 26
\BOOKMARK [0][-]{appendix.C}{\376\377\126\376\210\150\176\330\122\066\171\072\117\213}{}% 27
\BOOKMARK [1][-]{section.C.1}{\376\377\173\200\123\125\155\101\172\013\126\376}{appendix.C}% 28
